<?xml version="1.0" encoding="UTF-8"?>
<Site BuildName="Linux-c++"
	BuildStamp="20250830-0548-Experimental"
	Name="bjm-halax"
	Generator="ctest-3.28.3"
	CompilerName="/usr/bin/c++"
	CompilerVersion="13.3.0"
	OSName="Linux"
	Hostname="bjm-halax"
	OSRelease="6.14.0-28-generic"
	OSVersion="#28~24.04.1-Ubuntu SMP PREEMPT_DYNAMIC Fri Jul 25 10:47:01 UTC 2"
	OSPlatform="x86_64"
	Is64Bits="1"
	VendorString="GenuineIntel"
	VendorID="Intel Corporation"
	FamilyID="6"
	ModelID="191"
	ProcessorCacheSize="20480"
	NumberOfLogicalCPU="16"
	NumberOfPhysicalCPU="10"
	TotalVirtualMemory="8191"
	TotalPhysicalMemory="31922"
	LogicalProcessorsPerPhysical="1"
	ProcessorClockFrequency="800.284"
	>
	<Testing>
		<StartDateTime>Aug 30 13:48 CST</StartDateTime>
		<StartTestTime>1756532930</StartTestTime>
		<TestList/>
		<EndDateTime>Aug 30 13:48 CST</EndDateTime>
		<EndTestTime>1756532930</EndTestTime>
		<ElapsedMinutes>0</ElapsedMinutes>
	</Testing>
</Site>
